<?xml version="1.0" encoding="UTF-8"?>
<testng-results skipped="0" failed="1" ignored="0" total="1" passed="0">
  <reporter-output>
  </reporter-output>
  <suite name="OpenWeatherMap Smoke Suite" duration-ms="31275" started-at="2019-03-21T20:41:24Z" finished-at="2019-03-21T20:41:56Z">
    <groups>
      <group name="cucumber">
        <method signature="AbstractTestNGCucumberTests.feature(cucumber.api.testng.CucumberFeatureWrapper)[pri:0, instance:com.qa.openWeatherMap.RunnerTest@140e5a13]" name="feature" class="cucumber.api.testng.AbstractTestNGCucumberTests"/>
      </group> <!-- cucumber -->
    </groups>
    <test name="OpenWeatherMapBDDTests" duration-ms="31275" started-at="2019-03-21T20:41:24Z" finished-at="2019-03-21T20:41:56Z">
      <class name="com.qa.openWeatherMap.RunnerTest">
        <test-method status="PASS" signature="setUpClass()[pri:0, instance:com.qa.openWeatherMap.RunnerTest@140e5a13]" name="setUpClass" is-config="true" duration-ms="342" started-at="2019-03-21T20:41:24Z" finished-at="2019-03-21T20:41:25Z">
          <reporter-output>
          </reporter-output>
        </test-method> <!-- setUpClass -->
        <test-method status="FAIL" signature="feature(cucumber.api.testng.CucumberFeatureWrapper)[pri:0, instance:com.qa.openWeatherMap.RunnerTest@140e5a13]" name="feature" duration-ms="30282" started-at="2019-03-21T20:41:25Z" description="Runs Cucumber Feature" data-provider="features" finished-at="2019-03-21T20:41:55Z">
          <params>
            <param index="0">
              <value>
                <![CDATA[Coverage of a couple of smoke tests on Open Weather Map]]>
              </value>
            </param>
          </params>
          <exception class="java.lang.ClassCastException">
            <message>
              <![CDATA[gherkin.formatter.model.Match cannot be cast to cucumber.runtime.StepDefinitionMatch]]>
            </message>
            <full-stacktrace>
              <![CDATA[java.lang.ClassCastException: gherkin.formatter.model.Match cannot be cast to cucumber.runtime.StepDefinitionMatch
at com.qa.Reporting.CustomFormatter.match(CustomFormatter.java:30)
at sun.reflect.GeneratedMethodAccessor7.invoke(Unknown Source)
at sun.reflect.DelegatingMethodAccessorImpl.invoke(Unknown Source)
at java.lang.reflect.Method.invoke(Unknown Source)
at cucumber.runtime.Utils$1.call(Utils.java:40)
at cucumber.runtime.Timeout.timeout(Timeout.java:16)
at cucumber.runtime.Utils.invoke(Utils.java:34)
at cucumber.runtime.RuntimeOptions$1.invoke(RuntimeOptions.java:294)
at com.sun.proxy.$Proxy10.match(Unknown Source)
at cucumber.api.testng.FeatureResultListener.match(FeatureResultListener.java:40)
at cucumber.runtime.Runtime.runStep(Runtime.java:281)
at cucumber.runtime.model.StepContainer.runStep(StepContainer.java:44)
at cucumber.runtime.model.StepContainer.runSteps(StepContainer.java:39)
at cucumber.runtime.model.CucumberScenario.run(CucumberScenario.java:44)
at cucumber.runtime.model.CucumberScenarioOutline.run(CucumberScenarioOutline.java:46)
at cucumber.runtime.model.CucumberFeature.run(CucumberFeature.java:165)
at cucumber.api.testng.TestNGCucumberRunner.runCucumber(TestNGCucumberRunner.java:63)
at cucumber.api.testng.AbstractTestNGCucumberTests.feature(AbstractTestNGCucumberTests.java:21)
at sun.reflect.NativeMethodAccessorImpl.invoke0(Native Method)
at sun.reflect.NativeMethodAccessorImpl.invoke(Unknown Source)
at sun.reflect.DelegatingMethodAccessorImpl.invoke(Unknown Source)
at java.lang.reflect.Method.invoke(Unknown Source)
at org.testng.internal.MethodInvocationHelper.invokeMethod(MethodInvocationHelper.java:124)
at org.testng.internal.Invoker.invokeMethod(Invoker.java:580)
at org.testng.internal.Invoker.invokeTestMethod(Invoker.java:716)
at org.testng.internal.Invoker.invokeTestMethods(Invoker.java:988)
at org.testng.internal.TestMethodWorker.invokeTestMethods(TestMethodWorker.java:125)
at org.testng.internal.TestMethodWorker.run(TestMethodWorker.java:109)
at org.testng.TestRunner.privateRun(TestRunner.java:648)
at org.testng.TestRunner.run(TestRunner.java:505)
at org.testng.SuiteRunner.runTest(SuiteRunner.java:455)
at org.testng.SuiteRunner.runSequentially(SuiteRunner.java:450)
at org.testng.SuiteRunner.privateRun(SuiteRunner.java:415)
at org.testng.SuiteRunner.run(SuiteRunner.java:364)
at org.testng.SuiteRunnerWorker.runSuite(SuiteRunnerWorker.java:52)
at org.testng.SuiteRunnerWorker.run(SuiteRunnerWorker.java:84)
at org.testng.TestNG.runSuitesSequentially(TestNG.java:1208)
at org.testng.TestNG.runSuitesLocally(TestNG.java:1137)
at org.testng.TestNG.runSuites(TestNG.java:1049)
at org.testng.TestNG.run(TestNG.java:1017)
at org.testng.remote.AbstractRemoteTestNG.run(AbstractRemoteTestNG.java:114)
at org.testng.remote.RemoteTestNG.initAndRun(RemoteTestNG.java:251)
at org.testng.remote.RemoteTestNG.main(RemoteTestNG.java:77)
]]>
            </full-stacktrace>
          </exception> <!-- java.lang.ClassCastException -->
          <reporter-output>
          </reporter-output>
        </test-method> <!-- feature -->
        <test-method status="PASS" signature="tearDownClass()[pri:0, instance:com.qa.openWeatherMap.RunnerTest@140e5a13]" name="tearDownClass" is-config="true" duration-ms="566" started-at="2019-03-21T20:41:55Z" finished-at="2019-03-21T20:41:56Z">
          <reporter-output>
          </reporter-output>
        </test-method> <!-- tearDownClass -->
      </class> <!-- com.qa.openWeatherMap.RunnerTest -->
    </test> <!-- OpenWeatherMapBDDTests -->
  </suite> <!-- OpenWeatherMap Smoke Suite -->
</testng-results>
